0 info it worked if it ends with ok
1 verbose cli [ 'C:\\Program Files\\nodejs\\node.exe',
1 verbose cli   'C:\\Program Files\\nodejs\\node_modules\\npm\\bin\\npm-cli.js',
1 verbose cli   'run',
1 verbose cli   'build:aot' ]
2 info using npm@3.10.10
3 info using node@v6.10.3
4 verbose run-script [ 'prebuild:aot', 'build:aot', 'postbuild:aot' ]
5 info lifecycle fileuploader@1.0.0~prebuild:aot: fileuploader@1.0.0
6 silly lifecycle fileuploader@1.0.0~prebuild:aot: no script for prebuild:aot, continuing
7 info lifecycle fileuploader@1.0.0~build:aot: fileuploader@1.0.0
8 verbose lifecycle fileuploader@1.0.0~build:aot: unsafe-perm in lifecycle true
9 verbose lifecycle fileuploader@1.0.0~build:aot: PATH: C:\Program Files\nodejs\node_modules\npm\bin\node-gyp-bin;P:\FileUploader\FileUploader.WebGui\node_modules\.bin;C:\ProgramData\Oracle\Java\javapath;C:\WINDOWS\system32;C:\WINDOWS;C:\WINDOWS\System32\Wbem;C:\WINDOWS\System32\WindowsPowerShell\v1.0\;C:\Program Files (x86)\Skype\Phone\;C:\Program Files\nodejs\;C:\Program Files\Git\cmd;C:\Program Files\Microsoft SQL Server\Client SDK\ODBC\130\Tools\Binn\;C:\Program Files (x86)\Microsoft SQL Server\130\Tools\Binn\;C:\Program Files\Microsoft SQL Server\130\Tools\Binn\;C:\Program Files\Microsoft SQL Server\130\DTS\Binn\;C:\Program Files (x86)\Microsoft SQL Server\Client SDK\ODBC\130\Tools\Binn\;C:\Program Files (x86)\Microsoft SQL Server\140\Tools\Binn\;C:\Program Files (x86)\Microsoft SQL Server\140\DTS\Binn\;C:\Program Files (x86)\Microsoft SQL Server\140\Tools\Binn\ManagementStudio\;C:\Program Files\dotnet\;C:\Users\Stjepan\AppData\Local\Microsoft\WindowsApps;;C:\Program Files (x86)\Microsoft VS Code\bin;C:\Users\Stjepan\AppData\Roaming\npm
10 verbose lifecycle fileuploader@1.0.0~build:aot: CWD: P:\FileUploader\FileUploader.WebGui
11 silly lifecycle fileuploader@1.0.0~build:aot: Args: [ '/d /s /c',
11 silly lifecycle   'ngc -p tsconfig-aot.json && rollup -c rollup-config.js' ]
12 silly lifecycle fileuploader@1.0.0~build:aot: Returned: code: 1  signal: null
13 info lifecycle fileuploader@1.0.0~build:aot: Failed to exec build:aot script
14 verbose stack Error: fileuploader@1.0.0 build:aot: `ngc -p tsconfig-aot.json && rollup -c rollup-config.js`
14 verbose stack Exit status 1
14 verbose stack     at EventEmitter.<anonymous> (C:\Program Files\nodejs\node_modules\npm\lib\utils\lifecycle.js:255:16)
14 verbose stack     at emitTwo (events.js:106:13)
14 verbose stack     at EventEmitter.emit (events.js:191:7)
14 verbose stack     at ChildProcess.<anonymous> (C:\Program Files\nodejs\node_modules\npm\lib\utils\spawn.js:40:14)
14 verbose stack     at emitTwo (events.js:106:13)
14 verbose stack     at ChildProcess.emit (events.js:191:7)
14 verbose stack     at maybeClose (internal/child_process.js:886:16)
14 verbose stack     at Process.ChildProcess._handle.onexit (internal/child_process.js:226:5)
15 verbose pkgid fileuploader@1.0.0
16 verbose cwd P:\FileUploader\FileUploader.WebGui
17 error Windows_NT 10.0.15063
18 error argv "C:\\Program Files\\nodejs\\node.exe" "C:\\Program Files\\nodejs\\node_modules\\npm\\bin\\npm-cli.js" "run" "build:aot"
19 error node v6.10.3
20 error npm  v3.10.10
21 error code ELIFECYCLE
22 error fileuploader@1.0.0 build:aot: `ngc -p tsconfig-aot.json && rollup -c rollup-config.js`
22 error Exit status 1
23 error Failed at the fileuploader@1.0.0 build:aot script 'ngc -p tsconfig-aot.json && rollup -c rollup-config.js'.
23 error Make sure you have the latest version of node.js and npm installed.
23 error If you do, this is most likely a problem with the fileuploader package,
23 error not with npm itself.
23 error Tell the author that this fails on your system:
23 error     ngc -p tsconfig-aot.json && rollup -c rollup-config.js
23 error You can get information on how to open an issue for this project with:
23 error     npm bugs fileuploader
23 error Or if that isn't available, you can get their info via:
23 error     npm owner ls fileuploader
23 error There is likely additional logging output above.
24 verbose exit [ 1, true ]
